2022-04-10 21:10:38,765 [Worker-2: Loading available Gradle versions] INFO  o.e.b.c.i.u.g.PublishedGradleVersions - Gradle version information cache is up-to-date. Trying to read.
2022-04-10 21:12:34,731 [Worker-7: 入門コンテンツのインポート] INFO  o.e.m.c.i.l.LifecycleMappingFactory - Using org.eclipse.m2e.jdt.JarLifecycleMapping lifecycle mapping for MavenProject: com.sb_practice_back:sb_practice_back:0.0.1-SNAPSHOT @ C:\Users\wakasugi ryota\OneDrive\ドキュメント\product\sb_practice_back\sb_practice_back\pom.xml.
2022-04-10 21:12:36,476 [Worker-7: 入門コンテンツのインポート] INFO  o.e.m.j.i.AbstractJavaProjectConfigurator - Adding source folder /sb_practice_back/src/main/java
2022-04-10 21:12:36,477 [Worker-7: 入門コンテンツのインポート] INFO  o.e.m.j.i.AbstractJavaProjectConfigurator - Adding resource folder /sb_practice_back/src/main/resources
2022-04-10 21:12:36,484 [Worker-7: 入門コンテンツのインポート] INFO  o.e.m.j.i.AbstractJavaProjectConfigurator - Adding resource folder /sb_practice_back/src/main/resources
2022-04-10 21:12:36,507 [Worker-7: 入門コンテンツのインポート] INFO  o.e.m.j.i.AbstractJavaProjectConfigurator - Adding source folder /sb_practice_back/src/test/java
2022-04-10 21:12:38,993 [Worker-7: 入門コンテンツのインポート] INFO  o.e.m.c.i.p.ProjectConfigurationManager - Imported and configured 1 project(s) in 6 sec
2022-04-10 21:12:38,999 [Worker-7: 入門コンテンツのインポート] INFO  o.e.m.c.i.p.ProjectConfigurationManager - Update started
2022-04-10 21:12:39,686 [Worker-7: 入門コンテンツのインポート] INFO  o.e.m.c.i.l.LifecycleMappingFactory - Using org.eclipse.m2e.jdt.JarLifecycleMapping lifecycle mapping for MavenProject: com.sb_practice_back:sb_practice_back:0.0.1-SNAPSHOT @ C:\Users\wakasugi ryota\OneDrive\ドキュメント\product\sb_practice_back\sb_practice_back\pom.xml.
2022-04-10 21:12:40,380 [Worker-7: 入門コンテンツのインポート] INFO  o.e.m.j.i.AbstractJavaProjectConfigurator - Adding source folder /sb_practice_back/src/main/java
2022-04-10 21:12:40,381 [Worker-7: 入門コンテンツのインポート] INFO  o.e.m.j.i.AbstractJavaProjectConfigurator - Adding resource folder /sb_practice_back/src/main/resources
2022-04-10 21:12:40,383 [Worker-7: 入門コンテンツのインポート] INFO  o.e.m.j.i.AbstractJavaProjectConfigurator - Adding resource folder /sb_practice_back/src/main/resources
2022-04-10 21:12:40,390 [Worker-7: 入門コンテンツのインポート] INFO  o.e.m.j.i.AbstractJavaProjectConfigurator - Adding source folder /sb_practice_back/src/test/java
2022-04-10 21:12:40,736 [Worker-7: 入門コンテンツのインポート] INFO  o.e.m.c.i.p.ProjectConfigurationManager - Update completed: 1 sec
2022-04-10 21:12:40,799 [Worker-5: Maven プロジェクトの更新中] INFO  o.e.m.c.i.p.ProjectConfigurationManager - Update started
2022-04-10 21:12:41,567 [Worker-5: Maven プロジェクトの更新中] INFO  o.e.m.c.i.l.LifecycleMappingFactory - Using org.eclipse.m2e.jdt.JarLifecycleMapping lifecycle mapping for MavenProject: com.sb_practice_back:sb_practice_back:0.0.1-SNAPSHOT @ C:\Users\wakasugi ryota\OneDrive\ドキュメント\product\sb_practice_back\sb_practice_back\pom.xml.
2022-04-10 21:12:43,193 [Worker-5: Maven プロジェクトの更新中] INFO  o.e.m.j.i.AbstractJavaProjectConfigurator - Adding source folder /sb_practice_back/src/main/java
2022-04-10 21:12:43,193 [Worker-5: Maven プロジェクトの更新中] INFO  o.e.m.j.i.AbstractJavaProjectConfigurator - Adding resource folder /sb_practice_back/src/main/resources
2022-04-10 21:12:43,194 [Worker-5: Maven プロジェクトの更新中] INFO  o.e.m.j.i.AbstractJavaProjectConfigurator - Adding resource folder /sb_practice_back/src/main/resources
2022-04-10 21:12:43,195 [Worker-5: Maven プロジェクトの更新中] INFO  o.e.m.j.i.AbstractJavaProjectConfigurator - Adding source folder /sb_practice_back/src/test/java
2022-04-10 21:12:43,526 [Worker-5: Maven プロジェクトの更新中] INFO  o.e.m.c.i.p.ProjectConfigurationManager - Update completed: 2 sec
2022-04-10 21:12:43,531 [Worker-6: Maven プロジェクトの更新中] INFO  o.e.m.c.i.p.ProjectConfigurationManager - Update started
2022-04-10 21:12:44,441 [Worker-6: Maven プロジェクトの更新中] INFO  o.e.m.c.i.l.LifecycleMappingFactory - Using org.eclipse.m2e.jdt.JarLifecycleMapping lifecycle mapping for MavenProject: com.sb_practice_back:sb_practice_back:0.0.1-SNAPSHOT @ C:\Users\wakasugi ryota\OneDrive\ドキュメント\product\sb_practice_back\sb_practice_back\pom.xml.
2022-04-10 21:12:45,794 [Worker-6: Maven プロジェクトの更新中] INFO  o.e.m.j.i.AbstractJavaProjectConfigurator - Adding source folder /sb_practice_back/src/main/java
2022-04-10 21:12:45,795 [Worker-6: Maven プロジェクトの更新中] INFO  o.e.m.j.i.AbstractJavaProjectConfigurator - Adding resource folder /sb_practice_back/src/main/resources
2022-04-10 21:12:45,796 [Worker-6: Maven プロジェクトの更新中] INFO  o.e.m.j.i.AbstractJavaProjectConfigurator - Adding resource folder /sb_practice_back/src/main/resources
2022-04-10 21:12:45,797 [Worker-6: Maven プロジェクトの更新中] INFO  o.e.m.j.i.AbstractJavaProjectConfigurator - Adding source folder /sb_practice_back/src/test/java
2022-04-10 21:12:46,139 [Worker-6: Maven プロジェクトの更新中] INFO  o.e.m.c.i.p.ProjectConfigurationManager - Update completed: 2 sec
2022-04-10 21:12:46,146 [Worker-7: Maven プロジェクトの更新中] INFO  o.e.m.c.i.p.ProjectConfigurationManager - Update started
2022-04-10 21:12:46,948 [Worker-7: Maven プロジェクトの更新中] INFO  o.e.m.c.i.l.LifecycleMappingFactory - Using org.eclipse.m2e.jdt.JarLifecycleMapping lifecycle mapping for MavenProject: com.sb_practice_back:sb_practice_back:0.0.1-SNAPSHOT @ C:\Users\wakasugi ryota\OneDrive\ドキュメント\product\sb_practice_back\sb_practice_back\pom.xml.
2022-04-10 21:12:48,353 [Worker-7: Maven プロジェクトの更新中] INFO  o.e.m.j.i.AbstractJavaProjectConfigurator - Adding source folder /sb_practice_back/src/main/java
2022-04-10 21:12:48,354 [Worker-7: Maven プロジェクトの更新中] INFO  o.e.m.j.i.AbstractJavaProjectConfigurator - Adding resource folder /sb_practice_back/src/main/resources
2022-04-10 21:12:48,364 [Worker-7: Maven プロジェクトの更新中] INFO  o.e.m.j.i.AbstractJavaProjectConfigurator - Adding resource folder /sb_practice_back/src/main/resources
2022-04-10 21:12:48,368 [Worker-7: Maven プロジェクトの更新中] INFO  o.e.m.j.i.AbstractJavaProjectConfigurator - Adding source folder /sb_practice_back/src/test/java
2022-04-10 21:12:48,700 [Worker-7: Maven プロジェクトの更新中] INFO  o.e.m.c.i.p.ProjectConfigurationManager - Update completed: 2 sec
2022-04-10 21:12:48,704 [Worker-4: Maven プロジェクトの更新中] INFO  o.e.m.c.i.p.ProjectConfigurationManager - Update started
2022-04-10 21:12:49,602 [Worker-4: Maven プロジェクトの更新中] INFO  o.e.m.c.i.l.LifecycleMappingFactory - Using org.eclipse.m2e.jdt.JarLifecycleMapping lifecycle mapping for MavenProject: com.sb_practice_back:sb_practice_back:0.0.1-SNAPSHOT @ C:\Users\wakasugi ryota\OneDrive\ドキュメント\product\sb_practice_back\sb_practice_back\pom.xml.
2022-04-10 21:12:50,948 [Worker-4: Maven プロジェクトの更新中] INFO  o.e.m.j.i.AbstractJavaProjectConfigurator - Adding source folder /sb_practice_back/src/main/java
2022-04-10 21:12:50,949 [Worker-4: Maven プロジェクトの更新中] INFO  o.e.m.j.i.AbstractJavaProjectConfigurator - Adding resource folder /sb_practice_back/src/main/resources
2022-04-10 21:12:50,949 [Worker-4: Maven プロジェクトの更新中] INFO  o.e.m.j.i.AbstractJavaProjectConfigurator - Adding resource folder /sb_practice_back/src/main/resources
2022-04-10 21:12:50,950 [Worker-4: Maven プロジェクトの更新中] INFO  o.e.m.j.i.AbstractJavaProjectConfigurator - Adding source folder /sb_practice_back/src/test/java
2022-04-10 21:12:51,285 [Worker-4: Maven プロジェクトの更新中] INFO  o.e.m.c.i.p.ProjectConfigurationManager - Update completed: 2 sec
2022-04-10 21:12:52,481 [Worker-7: ビルド] INFO  o.e.m.c.i.embedder.EclipseLogger - Using 'UTF-8' encoding to copy filtered resources.
2022-04-10 21:12:52,488 [Worker-7: ビルド] INFO  o.e.m.c.i.embedder.EclipseLogger - Using 'UTF-8' encoding to copy filtered properties files.
2022-04-10 21:12:52,497 [Worker-7: ビルド] INFO  o.e.m.c.i.embedder.EclipseLogger - Copying 1 resource
2022-04-10 21:12:52,525 [Worker-7: ビルド] INFO  o.e.m.c.i.embedder.EclipseLogger - Copying 0 resource
2022-04-10 21:12:52,529 [Worker-7: ビルド] INFO  o.e.m.c.i.embedder.EclipseLogger - Using 'UTF-8' encoding to copy filtered resources.
2022-04-10 21:12:52,529 [Worker-7: ビルド] INFO  o.e.m.c.i.embedder.EclipseLogger - Using 'UTF-8' encoding to copy filtered properties files.
2022-04-10 21:12:52,529 [Worker-7: ビルド] INFO  o.e.m.c.i.embedder.EclipseLogger - skip non existing resourceDirectory C:\Users\wakasugi ryota\OneDrive\ドキュメント\product\sb_practice_back\sb_practice_back\src\test\resources
2022-04-10 21:13:25,925 [Worker-0: ビルド] INFO  o.e.m.c.i.embedder.EclipseLogger - Using 'UTF-8' encoding to copy filtered resources.
2022-04-10 21:13:25,925 [Worker-0: ビルド] INFO  o.e.m.c.i.embedder.EclipseLogger - Using 'UTF-8' encoding to copy filtered properties files.
2022-04-10 21:13:25,929 [Worker-0: ビルド] INFO  o.e.m.c.i.embedder.EclipseLogger - Copying 1 resource
2022-04-10 21:13:25,938 [Worker-0: ビルド] INFO  o.e.m.c.i.embedder.EclipseLogger - Copying 0 resource
2022-04-10 21:13:25,941 [Worker-0: ビルド] INFO  o.e.m.c.i.embedder.EclipseLogger - Using 'UTF-8' encoding to copy filtered resources.
2022-04-10 21:13:25,941 [Worker-0: ビルド] INFO  o.e.m.c.i.embedder.EclipseLogger - Using 'UTF-8' encoding to copy filtered properties files.
2022-04-10 21:13:25,941 [Worker-0: ビルド] INFO  o.e.m.c.i.embedder.EclipseLogger - skip non existing resourceDirectory C:\Users\wakasugi ryota\OneDrive\ドキュメント\product\sb_practice_back\sb_practice_back\src\test\resources
2022-04-10 21:13:37,513 [Worker-5: ビルド] INFO  o.e.m.c.i.embedder.EclipseLogger - Using 'UTF-8' encoding to copy filtered resources.
2022-04-10 21:13:37,513 [Worker-5: ビルド] INFO  o.e.m.c.i.embedder.EclipseLogger - Using 'UTF-8' encoding to copy filtered properties files.
2022-04-10 21:13:37,514 [Worker-5: ビルド] INFO  o.e.m.c.i.embedder.EclipseLogger - Copying 1 resource
2022-04-10 21:13:37,521 [Worker-5: ビルド] INFO  o.e.m.c.i.embedder.EclipseLogger - Copying 0 resource
2022-04-10 21:13:37,524 [Worker-5: ビルド] INFO  o.e.m.c.i.embedder.EclipseLogger - Using 'UTF-8' encoding to copy filtered resources.
2022-04-10 21:13:37,524 [Worker-5: ビルド] INFO  o.e.m.c.i.embedder.EclipseLogger - Using 'UTF-8' encoding to copy filtered properties files.
2022-04-10 21:13:37,525 [Worker-5: ビルド] INFO  o.e.m.c.i.embedder.EclipseLogger - skip non existing resourceDirectory C:\Users\wakasugi ryota\OneDrive\ドキュメント\product\sb_practice_back\sb_practice_back\src\test\resources
2022-04-10 21:18:40,288 [Worker-3: ビルド] INFO  o.e.m.c.i.embedder.EclipseLogger - Using 'UTF-8' encoding to copy filtered resources.
2022-04-10 21:18:40,288 [Worker-3: ビルド] INFO  o.e.m.c.i.embedder.EclipseLogger - Using 'UTF-8' encoding to copy filtered properties files.
2022-04-10 21:18:40,290 [Worker-3: ビルド] INFO  o.e.m.c.i.embedder.EclipseLogger - Copying 1 resource
2022-04-10 21:18:40,297 [Worker-3: ビルド] INFO  o.e.m.c.i.embedder.EclipseLogger - Copying 0 resource
2022-04-10 21:18:40,300 [Worker-3: ビルド] INFO  o.e.m.c.i.embedder.EclipseLogger - Using 'UTF-8' encoding to copy filtered resources.
2022-04-10 21:18:40,300 [Worker-3: ビルド] INFO  o.e.m.c.i.embedder.EclipseLogger - Using 'UTF-8' encoding to copy filtered properties files.
2022-04-10 21:18:40,300 [Worker-3: ビルド] INFO  o.e.m.c.i.embedder.EclipseLogger - skip non existing resourceDirectory C:\Users\wakasugi ryota\OneDrive\ドキュメント\product\sb_practice_back\sb_practice_back\src\test\resources
2022-04-10 21:18:46,171 [Worker-9: sb_practice_back - SbPracticeBackApplication の起動] INFO  o.e.m.c.i.embedder.EclipseLogger - Using 'UTF-8' encoding to copy filtered resources.
2022-04-10 21:18:46,171 [Worker-9: sb_practice_back - SbPracticeBackApplication の起動] INFO  o.e.m.c.i.embedder.EclipseLogger - Using 'UTF-8' encoding to copy filtered properties files.
2022-04-10 21:18:46,173 [Worker-9: sb_practice_back - SbPracticeBackApplication の起動] INFO  o.e.m.c.i.embedder.EclipseLogger - Copying 1 resource
2022-04-10 21:18:46,178 [Worker-9: sb_practice_back - SbPracticeBackApplication の起動] INFO  o.e.m.c.i.embedder.EclipseLogger - Copying 0 resource
2022-04-10 21:18:46,181 [Worker-9: sb_practice_back - SbPracticeBackApplication の起動] INFO  o.e.m.c.i.embedder.EclipseLogger - Using 'UTF-8' encoding to copy filtered resources.
2022-04-10 21:18:46,181 [Worker-9: sb_practice_back - SbPracticeBackApplication の起動] INFO  o.e.m.c.i.embedder.EclipseLogger - Using 'UTF-8' encoding to copy filtered properties files.
2022-04-10 21:18:46,181 [Worker-9: sb_practice_back - SbPracticeBackApplication の起動] INFO  o.e.m.c.i.embedder.EclipseLogger - skip non existing resourceDirectory C:\Users\wakasugi ryota\OneDrive\ドキュメント\product\sb_practice_back\sb_practice_back\src\test\resources
2022-04-10 21:19:20,523 [Worker-4: ビルド] INFO  o.e.m.c.i.embedder.EclipseLogger - Using 'UTF-8' encoding to copy filtered resources.
2022-04-10 21:19:20,523 [Worker-4: ビルド] INFO  o.e.m.c.i.embedder.EclipseLogger - Using 'UTF-8' encoding to copy filtered properties files.
2022-04-10 21:19:20,526 [Worker-4: ビルド] INFO  o.e.m.c.i.embedder.EclipseLogger - Copying 1 resource
2022-04-10 21:19:20,539 [Worker-4: ビルド] INFO  o.e.m.c.i.embedder.EclipseLogger - Copying 0 resource
2022-04-10 21:19:20,568 [Worker-4: ビルド] INFO  o.e.m.c.i.embedder.EclipseLogger - Using 'UTF-8' encoding to copy filtered resources.
2022-04-10 21:19:20,569 [Worker-4: ビルド] INFO  o.e.m.c.i.embedder.EclipseLogger - Using 'UTF-8' encoding to copy filtered properties files.
2022-04-10 21:19:20,569 [Worker-4: ビルド] INFO  o.e.m.c.i.embedder.EclipseLogger - skip non existing resourceDirectory C:\Users\wakasugi ryota\OneDrive\ドキュメント\product\sb_practice_back\sb_practice_back\src\test\resources
2022-04-10 21:25:06,997 [Worker-1: ビルド] INFO  o.e.m.c.i.embedder.EclipseLogger - Using 'UTF-8' encoding to copy filtered resources.
2022-04-10 21:25:06,998 [Worker-1: ビルド] INFO  o.e.m.c.i.embedder.EclipseLogger - Using 'UTF-8' encoding to copy filtered properties files.
2022-04-10 21:25:06,999 [Worker-1: ビルド] INFO  o.e.m.c.i.embedder.EclipseLogger - Copying 1 resource
2022-04-10 21:25:07,009 [Worker-1: ビルド] INFO  o.e.m.c.i.embedder.EclipseLogger - Copying 0 resource
2022-04-10 21:25:07,013 [Worker-1: ビルド] INFO  o.e.m.c.i.embedder.EclipseLogger - Using 'UTF-8' encoding to copy filtered resources.
2022-04-10 21:25:07,013 [Worker-1: ビルド] INFO  o.e.m.c.i.embedder.EclipseLogger - Using 'UTF-8' encoding to copy filtered properties files.
2022-04-10 21:25:07,013 [Worker-1: ビルド] INFO  o.e.m.c.i.embedder.EclipseLogger - skip non existing resourceDirectory C:\Users\wakasugi ryota\OneDrive\ドキュメント\product\sb_practice_back\sb_practice_back\src\test\resources
2022-04-10 21:25:45,616 [Worker-1: ビルド] INFO  o.e.m.c.i.embedder.EclipseLogger - Using 'UTF-8' encoding to copy filtered resources.
2022-04-10 21:25:45,617 [Worker-1: ビルド] INFO  o.e.m.c.i.embedder.EclipseLogger - Using 'UTF-8' encoding to copy filtered properties files.
2022-04-10 21:25:45,620 [Worker-1: ビルド] INFO  o.e.m.c.i.embedder.EclipseLogger - Copying 1 resource
2022-04-10 21:25:45,634 [Worker-1: ビルド] INFO  o.e.m.c.i.embedder.EclipseLogger - Copying 0 resource
2022-04-10 21:25:45,645 [Worker-1: ビルド] INFO  o.e.m.c.i.embedder.EclipseLogger - Using 'UTF-8' encoding to copy filtered resources.
2022-04-10 21:25:45,645 [Worker-1: ビルド] INFO  o.e.m.c.i.embedder.EclipseLogger - Using 'UTF-8' encoding to copy filtered properties files.
2022-04-10 21:25:45,646 [Worker-1: ビルド] INFO  o.e.m.c.i.embedder.EclipseLogger - skip non existing resourceDirectory C:\Users\wakasugi ryota\OneDrive\ドキュメント\product\sb_practice_back\sb_practice_back\src\test\resources
